This file contains any messages produced by compilers while
running configure, to aid debugging if configure makes a mistake.

It was created by configure, which was
generated by GNU Autoconf 2.62.  Invocation command line was

  $ ./configure --prefix=/usr/local PKG_CONFIG_PATH=/usr/local/lib/pkgconfig

## --------- ##
## Platform. ##
## --------- ##

hostname = localhost.localdomain
uname -m = x86_64
uname -r = 3.10.0-123.el7.x86_64
uname -s = Linux
uname -v = #1 SMP Mon Jun 30 12:09:22 UTC 2014

/usr/bin/uname -p = x86_64
/bin/uname -X     = unknown

/bin/arch              = x86_64
/usr/bin/arch -k       = unknown
/usr/convex/getsysinfo = unknown
/usr/bin/hostinfo      = unknown
/bin/machine           = unknown
/usr/bin/oslevel       = unknown
/bin/universe          = unknown

PATH: /usr/lib64/qt-3.3/bin
PATH: /usr/local/bin
PATH: /usr/local/sbin
PATH: /usr/bin
PATH: /usr/sbin
PATH: /bin
PATH: /sbin
PATH: /root/bin


## ----------- ##
## Core tests. ##
## ----------- ##

configure:2168: checking build system type
configure:2186: result: x86_64-unknown-linux-gnu
configure:2208: checking host system type
configure:2223: result: x86_64-unknown-linux-gnu
configure:2245: checking target system type
configure:2260: result: x86_64-unknown-linux-gnu
configure:2306: checking for a BSD-compatible install
configure:2374: result: /usr/bin/install -c
configure:2385: checking whether build environment is sane
configure:2428: result: yes
configure:2453: checking for a thread-safe mkdir -p
configure:2492: result: /usr/bin/mkdir -p
configure:2505: checking for gawk
configure:2521: found /usr/bin/gawk
configure:2532: result: gawk
configure:2543: checking whether make sets $(MAKE)
configure:2565: result: yes
configure:2753: checking whether to enable maintainer-specific portions of Makefiles
configure:2762: result: no
configure:2852: checking for gcc
configure:2868: found /usr/bin/gcc
configure:2879: result: gcc
configure:2953: checking for gcc
configure:2980: result: gcc
configure:3218: checking for C compiler version
configure:3226: gcc --version >&5
gcc (GCC) 4.8.2 20140120 (Red Hat 4.8.2-16)
Copyright (C) 2013 Free Software Foundation, Inc.
This is free software; see the source for copying conditions.  There is NO
warranty; not even for MERCHANTABILITY or FITNESS FOR A PARTICULAR PURPOSE.

configure:3230: $? = 0
configure:3237: gcc -v >&5
Using built-in specs.
COLLECT_GCC=gcc
COLLECT_LTO_WRAPPER=/usr/libexec/gcc/x86_64-redhat-linux/4.8.2/lto-wrapper
Target: x86_64-redhat-linux
Configured with: ../configure --prefix=/usr --mandir=/usr/share/man --infodir=/usr/share/info --with-bugurl=http://bugzilla.redhat.com/bugzilla --enable-bootstrap --enable-shared --enable-threads=posix --enable-checking=release --with-system-zlib --enable-__cxa_atexit --disable-libunwind-exceptions --enable-gnu-unique-object --enable-linker-build-id --with-linker-hash-style=gnu --enable-languages=c,c++,objc,obj-c++,java,fortran,ada,go,lto --enable-plugin --enable-initfini-array --disable-libgcj --with-isl=/builddir/build/BUILD/gcc-4.8.2-20140120/obj-x86_64-redhat-linux/isl-install --with-cloog=/builddir/build/BUILD/gcc-4.8.2-20140120/obj-x86_64-redhat-linux/cloog-install --enable-gnu-indirect-function --with-tune=generic --with-arch_32=x86-64 --build=x86_64-redhat-linux
Thread model: posix
gcc version 4.8.2 20140120 (Red Hat 4.8.2-16) (GCC) 
configure:3241: $? = 0
configure:3248: gcc -V >&5
gcc: error: unrecognized command line option '-V'
gcc: fatal error: no input files
compilation terminated.
configure:3252: $? = 4
configure:3275: checking for C compiler default output file name
configure:3297: gcc    conftest.c  >&5
configure:3301: $? = 0
configure:3339: result: a.out
configure:3356: checking whether the C compiler works
configure:3366: ./a.out
configure:3370: $? = 0
configure:3387: result: yes
configure:3394: checking whether we are cross compiling
configure:3396: result: no
configure:3399: checking for suffix of executables
configure:3406: gcc -o conftest    conftest.c  >&5
configure:3410: $? = 0
configure:3434: result: 
configure:3440: checking for suffix of object files
configure:3466: gcc -c   conftest.c >&5
configure:3470: $? = 0
configure:3493: result: o
configure:3497: checking whether we are using the GNU C compiler
configure:3526: gcc -c   conftest.c >&5
configure:3533: $? = 0
configure:3550: result: yes
configure:3559: checking whether gcc accepts -g
configure:3589: gcc -c -g  conftest.c >&5
configure:3596: $? = 0
configure:3697: result: yes
configure:3714: checking for gcc option to accept ISO C89
configure:3788: gcc  -c -g -O2  conftest.c >&5
configure:3795: $? = 0
configure:3818: result: none needed
configure:3847: checking for style of include used by make
configure:3875: result: GNU
configure:3900: checking dependency style of gcc
configure:3991: result: gcc3
configure:4054: checking for gcc
configure:4081: result: gcc
configure:4319: checking for C compiler version
configure:4327: gcc --version >&5
gcc (GCC) 4.8.2 20140120 (Red Hat 4.8.2-16)
Copyright (C) 2013 Free Software Foundation, Inc.
This is free software; see the source for copying conditions.  There is NO
warranty; not even for MERCHANTABILITY or FITNESS FOR A PARTICULAR PURPOSE.

configure:4331: $? = 0
configure:4338: gcc -v >&5
Using built-in specs.
COLLECT_GCC=gcc
COLLECT_LTO_WRAPPER=/usr/libexec/gcc/x86_64-redhat-linux/4.8.2/lto-wrapper
Target: x86_64-redhat-linux
Configured with: ../configure --prefix=/usr --mandir=/usr/share/man --infodir=/usr/share/info --with-bugurl=http://bugzilla.redhat.com/bugzilla --enable-bootstrap --enable-shared --enable-threads=posix --enable-checking=release --with-system-zlib --enable-__cxa_atexit --disable-libunwind-exceptions --enable-gnu-unique-object --enable-linker-build-id --with-linker-hash-style=gnu --enable-languages=c,c++,objc,obj-c++,java,fortran,ada,go,lto --enable-plugin --enable-initfini-array --disable-libgcj --with-isl=/builddir/build/BUILD/gcc-4.8.2-20140120/obj-x86_64-redhat-linux/isl-install --with-cloog=/builddir/build/BUILD/gcc-4.8.2-20140120/obj-x86_64-redhat-linux/cloog-install --enable-gnu-indirect-function --with-tune=generic --with-arch_32=x86-64 --build=x86_64-redhat-linux
Thread model: posix
gcc version 4.8.2 20140120 (Red Hat 4.8.2-16) (GCC) 
configure:4342: $? = 0
configure:4349: gcc -V >&5
gcc: error: unrecognized command line option '-V'
gcc: fatal error: no input files
compilation terminated.
configure:4353: $? = 4
configure:4356: checking whether we are using the GNU C compiler
configure:4409: result: yes
configure:4418: checking whether gcc accepts -g
configure:4556: result: yes
configure:4573: checking for gcc option to accept ISO C89
configure:4677: result: none needed
configure:4697: checking dependency style of gcc
configure:4788: result: gcc3
configure:4820: checking for a BSD-compatible install
configure:4888: result: /usr/bin/install -c
configure:4917: checking how to run the C preprocessor
configure:4957: gcc -E  conftest.c
configure:4964: $? = 0
configure:4995: gcc -E  conftest.c
conftest.c:10:28: fatal error: ac_nonexistent.h: No such file or directory
 #include <ac_nonexistent.h>
                            ^
compilation terminated.
configure:5002: $? = 1
configure: failed program was:
| /* confdefs.h.  */
| #define PACKAGE_NAME ""
| #define PACKAGE_TARNAME ""
| #define PACKAGE_VERSION ""
| #define PACKAGE_STRING ""
| #define PACKAGE_BUGREPORT ""
| #define PACKAGE "gnome-sharp"
| #define VERSION "2.24.1"
| /* end confdefs.h.  */
| #include <ac_nonexistent.h>
configure:5035: result: gcc -E
configure:5064: gcc -E  conftest.c
configure:5071: $? = 0
configure:5102: gcc -E  conftest.c
conftest.c:10:28: fatal error: ac_nonexistent.h: No such file or directory
 #include <ac_nonexistent.h>
                            ^
compilation terminated.
configure:5109: $? = 1
configure: failed program was:
| /* confdefs.h.  */
| #define PACKAGE_NAME ""
| #define PACKAGE_TARNAME ""
| #define PACKAGE_VERSION ""
| #define PACKAGE_STRING ""
| #define PACKAGE_BUGREPORT ""
| #define PACKAGE "gnome-sharp"
| #define VERSION "2.24.1"
| /* end confdefs.h.  */
| #include <ac_nonexistent.h>
configure:5147: checking for grep that handles long lines and -e
configure:5207: result: /usr/bin/grep
configure:5212: checking for egrep
configure:5276: result: /usr/bin/grep -E
configure:5281: checking for ANSI C header files
configure:5311: gcc -c -g -O2  conftest.c >&5
configure:5318: $? = 0
configure:5417: gcc -o conftest -g -O2   conftest.c  >&5
configure:5421: $? = 0
configure:5427: ./conftest
configure:5431: $? = 0
configure:5449: result: yes
configure:5533: checking for a sed that does not truncate output
configure:5589: result: /usr/bin/sed
configure:5603: checking for ld used by gcc
configure:5670: result: /usr/bin/ld
configure:5679: checking if the linker (/usr/bin/ld) is GNU ld
configure:5694: result: yes
configure:5699: checking for /usr/bin/ld option to reload object files
configure:5706: result: -r
configure:5724: checking for BSD-compatible nm
configure:5773: result: /usr/bin/nm -B
configure:5777: checking whether ln -s works
configure:5781: result: yes
configure:5788: checking how to recognize dependent libraries
configure:5974: result: pass_all
configure:6062: gcc -c -g -O2  conftest.c >&5
configure:6065: $? = 0
configure:6522: checking for sys/types.h
configure:6543: gcc -c -g -O2  conftest.c >&5
configure:6550: $? = 0
configure:6567: result: yes
configure:6522: checking for sys/stat.h
configure:6543: gcc -c -g -O2  conftest.c >&5
configure:6550: $? = 0
configure:6567: result: yes
configure:6522: checking for stdlib.h
configure:6543: gcc -c -g -O2  conftest.c >&5
configure:6550: $? = 0
configure:6567: result: yes
configure:6522: checking for string.h
configure:6543: gcc -c -g -O2  conftest.c >&5
configure:6550: $? = 0
configure:6567: result: yes
configure:6522: checking for memory.h
configure:6543: gcc -c -g -O2  conftest.c >&5
configure:6550: $? = 0
configure:6567: result: yes
configure:6522: checking for strings.h
configure:6543: gcc -c -g -O2  conftest.c >&5
configure:6550: $? = 0
configure:6567: result: yes
configure:6522: checking for inttypes.h
configure:6543: gcc -c -g -O2  conftest.c >&5
configure:6550: $? = 0
configure:6567: result: yes
configure:6522: checking for stdint.h
configure:6543: gcc -c -g -O2  conftest.c >&5
configure:6550: $? = 0
configure:6567: result: yes
configure:6522: checking for unistd.h
configure:6543: gcc -c -g -O2  conftest.c >&5
configure:6550: $? = 0
configure:6567: result: yes
configure:6596: checking dlfcn.h usability
configure:6613: gcc -c -g -O2  conftest.c >&5
configure:6620: $? = 0
configure:6634: result: yes
configure:6638: checking dlfcn.h presence
configure:6653: gcc -E  conftest.c
configure:6660: $? = 0
configure:6674: result: yes
configure:6702: checking for dlfcn.h
configure:6711: result: yes
configure:6783: checking for g++
configure:6799: found /usr/bin/g++
configure:6810: result: g++
configure:6841: checking for C++ compiler version
configure:6849: g++ --version >&5
g++ (GCC) 4.8.2 20140120 (Red Hat 4.8.2-16)
Copyright (C) 2013 Free Software Foundation, Inc.
This is free software; see the source for copying conditions.  There is NO
warranty; not even for MERCHANTABILITY or FITNESS FOR A PARTICULAR PURPOSE.

configure:6853: $? = 0
configure:6860: g++ -v >&5
Using built-in specs.
COLLECT_GCC=g++
COLLECT_LTO_WRAPPER=/usr/libexec/gcc/x86_64-redhat-linux/4.8.2/lto-wrapper
Target: x86_64-redhat-linux
Configured with: ../configure --prefix=/usr --mandir=/usr/share/man --infodir=/usr/share/info --with-bugurl=http://bugzilla.redhat.com/bugzilla --enable-bootstrap --enable-shared --enable-threads=posix --enable-checking=release --with-system-zlib --enable-__cxa_atexit --disable-libunwind-exceptions --enable-gnu-unique-object --enable-linker-build-id --with-linker-hash-style=gnu --enable-languages=c,c++,objc,obj-c++,java,fortran,ada,go,lto --enable-plugin --enable-initfini-array --disable-libgcj --with-isl=/builddir/build/BUILD/gcc-4.8.2-20140120/obj-x86_64-redhat-linux/isl-install --with-cloog=/builddir/build/BUILD/gcc-4.8.2-20140120/obj-x86_64-redhat-linux/cloog-install --enable-gnu-indirect-function --with-tune=generic --with-arch_32=x86-64 --build=x86_64-redhat-linux
Thread model: posix
gcc version 4.8.2 20140120 (Red Hat 4.8.2-16) (GCC) 
configure:6864: $? = 0
configure:6871: g++ -V >&5
g++: error: unrecognized command line option '-V'
g++: fatal error: no input files
compilation terminated.
configure:6875: $? = 4
configure:6878: checking whether we are using the GNU C++ compiler
configure:6907: g++ -c   conftest.cpp >&5
configure:6914: $? = 0
configure:6931: result: yes
configure:6940: checking whether g++ accepts -g
configure:6970: g++ -c -g  conftest.cpp >&5
configure:6977: $? = 0
configure:7078: result: yes
configure:7103: checking dependency style of g++
configure:7194: result: gcc3
configure:7219: checking how to run the C++ preprocessor
configure:7255: g++ -E  conftest.cpp
configure:7262: $? = 0
configure:7293: g++ -E  conftest.cpp
conftest.cpp:21:28: fatal error: ac_nonexistent.h: No such file or directory
 #include <ac_nonexistent.h>
                            ^
compilation terminated.
configure:7300: $? = 1
configure: failed program was:
| /* confdefs.h.  */
| #define PACKAGE_NAME ""
| #define PACKAGE_TARNAME ""
| #define PACKAGE_VERSION ""
| #define PACKAGE_STRING ""
| #define PACKAGE_BUGREPORT ""
| #define PACKAGE "gnome-sharp"
| #define VERSION "2.24.1"
| #define STDC_HEADERS 1
| #define HAVE_SYS_TYPES_H 1
| #define HAVE_SYS_STAT_H 1
| #define HAVE_STDLIB_H 1
| #define HAVE_STRING_H 1
| #define HAVE_MEMORY_H 1
| #define HAVE_STRINGS_H 1
| #define HAVE_INTTYPES_H 1
| #define HAVE_STDINT_H 1
| #define HAVE_UNISTD_H 1
| #define HAVE_DLFCN_H 1
| /* end confdefs.h.  */
| #include <ac_nonexistent.h>
configure:7333: result: g++ -E
configure:7362: g++ -E  conftest.cpp
configure:7369: $? = 0
configure:7400: g++ -E  conftest.cpp
conftest.cpp:21:28: fatal error: ac_nonexistent.h: No such file or directory
 #include <ac_nonexistent.h>
                            ^
compilation terminated.
configure:7407: $? = 1
configure: failed program was:
| /* confdefs.h.  */
| #define PACKAGE_NAME ""
| #define PACKAGE_TARNAME ""
| #define PACKAGE_VERSION ""
| #define PACKAGE_STRING ""
| #define PACKAGE_BUGREPORT ""
| #define PACKAGE "gnome-sharp"
| #define VERSION "2.24.1"
| #define STDC_HEADERS 1
| #define HAVE_SYS_TYPES_H 1
| #define HAVE_SYS_STAT_H 1
| #define HAVE_STDLIB_H 1
| #define HAVE_STRING_H 1
| #define HAVE_MEMORY_H 1
| #define HAVE_STRINGS_H 1
| #define HAVE_INTTYPES_H 1
| #define HAVE_STDINT_H 1
| #define HAVE_UNISTD_H 1
| #define HAVE_DLFCN_H 1
| /* end confdefs.h.  */
| #include <ac_nonexistent.h>
configure:7500: checking for g77
configure:7530: result: no
configure:7500: checking for xlf
configure:7530: result: no
configure:7500: checking for f77
configure:7530: result: no
configure:7500: checking for frt
configure:7530: result: no
configure:7500: checking for pgf77
configure:7530: result: no
configure:7500: checking for cf77
configure:7530: result: no
configure:7500: checking for fort77
configure:7530: result: no
configure:7500: checking for fl32
configure:7530: result: no
configure:7500: checking for af77
configure:7530: result: no
configure:7500: checking for xlf90
configure:7530: result: no
configure:7500: checking for f90
configure:7530: result: no
configure:7500: checking for pgf90
configure:7530: result: no
configure:7500: checking for pghpf
configure:7530: result: no
configure:7500: checking for epcf90
configure:7530: result: no
configure:7500: checking for gfortran
configure:7530: result: no
configure:7500: checking for g95
configure:7530: result: no
configure:7500: checking for xlf95
configure:7530: result: no
configure:7500: checking for f95
configure:7530: result: no
configure:7500: checking for fort
configure:7530: result: no
configure:7500: checking for ifort
configure:7530: result: no
configure:7500: checking for ifc
configure:7530: result: no
configure:7500: checking for efc
configure:7530: result: no
configure:7500: checking for pgf95
configure:7530: result: no
configure:7500: checking for lf95
configure:7530: result: no
configure:7500: checking for ftn
configure:7530: result: no
configure:7557: checking for Fortran 77 compiler version
configure:7565:  --version >&5
./configure: line 7567: --version: command not found
configure:7569: $? = 127
configure:7576:  -v >&5
./configure: line 7578: -v: command not found
configure:7580: $? = 127
configure:7587:  -V >&5
./configure: line 7589: -V: command not found
configure:7591: $? = 127
configure:7599: checking whether we are using the GNU Fortran 77 compiler
configure:7618:  -c  conftest.F >&5
./configure: line 7620: -c: command not found
configure:7625: $? = 127
configure: failed program was:
|       program main
| #ifndef __GNUC__
|        choke me
| #endif
| 
|       end
configure:7642: result: no
configure:7648: checking whether  accepts -g
configure:7665:  -c -g conftest.f >&5
./configure: line 7667: -c: command not found
configure:7672: $? = 127
configure: failed program was:
|       program main
| 
|       end
configure:7688: result: no
configure:7721: checking the maximum length of command line arguments
configure:7833: result: 1572864
configure:7845: checking command to parse /usr/bin/nm -B output from gcc object
configure:7950: gcc -c -g -O2  conftest.c >&5
configure:7953: $? = 0
configure:7957: /usr/bin/nm -B conftest.o \| sed -n -e 's/^.*[ 	]\([ABCDGIRSTW][ABCDGIRSTW]*\)[ 	][ 	]*\([_A-Za-z][_A-Za-z0-9]*\)$/\1 \2 \2/p' \> conftest.nm
configure:7960: $? = 0
configure:8012: gcc -o conftest -g -O2   conftest.c conftstm.o >&5
configure:8015: $? = 0
configure:8053: result: ok
configure:8057: checking for objdir
configure:8072: result: .libs
configure:8164: checking for ar
configure:8180: found /usr/bin/ar
configure:8191: result: ar
configure:8260: checking for ranlib
configure:8276: found /usr/bin/ranlib
configure:8287: result: ranlib
configure:8356: checking for strip
configure:8372: found /usr/bin/strip
configure:8383: result: strip
configure:8985: checking if gcc supports -fno-rtti -fno-exceptions
configure:9003: gcc -c -g -O2  -fno-rtti -fno-exceptions conftest.c >&5
cc1: warning: command line option '-fno-rtti' is valid for C++/ObjC++ but not for C [enabled by default]
configure:9007: $? = 0
configure:9020: result: no
configure:9035: checking for gcc option to produce PIC
configure:9267: result: -fPIC
configure:9275: checking if gcc PIC flag -fPIC works
configure:9293: gcc -c -g -O2  -fPIC -DPIC conftest.c >&5
configure:9297: $? = 0
configure:9310: result: yes
configure:9338: checking if gcc static flag -static works
configure:9366: result: no
configure:9376: checking if gcc supports -c -o file.o
configure:9397: gcc -c -g -O2  -o out/conftest2.o conftest.c >&5
configure:9401: $? = 0
configure:9423: result: yes
configure:9449: checking whether the gcc linker (/usr/bin/ld -m elf_x86_64) supports shared libraries
configure:10437: result: yes
configure:10458: checking whether -lc should be explicitly linked in
configure:10463: gcc -c -g -O2  conftest.c >&5
configure:10466: $? = 0
configure:10481: gcc -shared conftest.o  -v -Wl,-soname -Wl,conftest -o conftest 2\>\&1 \| grep  -lc  \>/dev/null 2\>\&1
configure:10484: $? = 0
configure:10496: result: no
configure:10504: checking dynamic linker characteristics
configure:11108: result: GNU/Linux ld.so
configure:11132: checking how to hardcode library paths into programs
configure:11157: result: immediate
configure:11171: checking whether stripping libraries is possible
configure:11176: result: yes
configure:12006: checking if libtool supports shared libraries
configure:12008: result: yes
configure:12011: checking whether to build shared libraries
configure:12032: result: yes
configure:12035: checking whether to build static libraries
configure:12039: result: yes
configure:12133: creating libtool
configure:12726: checking for ld used by g++
configure:12793: result: /usr/bin/ld -m elf_x86_64
configure:12802: checking if the linker (/usr/bin/ld -m elf_x86_64) is GNU ld
configure:12817: result: yes
configure:12868: checking whether the g++ linker (/usr/bin/ld -m elf_x86_64) supports shared libraries
configure:13822: result: yes
configure:13839: g++ -c -g -O2  conftest.cpp >&5
configure:13842: $? = 0
configure:13998: checking for g++ option to produce PIC
configure:14282: result: -fPIC
configure:14290: checking if g++ PIC flag -fPIC works
configure:14308: g++ -c -g -O2  -fPIC -DPIC conftest.cpp >&5
configure:14312: $? = 0
configure:14325: result: yes
configure:14353: checking if g++ static flag -static works
configure:14381: result: no
configure:14391: checking if g++ supports -c -o file.o
configure:14412: g++ -c -g -O2  -o out/conftest2.o conftest.cpp >&5
configure:14416: $? = 0
configure:14438: result: yes
configure:14464: checking whether the g++ linker (/usr/bin/ld -m elf_x86_64) supports shared libraries
configure:14490: result: yes
configure:14557: checking dynamic linker characteristics
configure:15109: result: GNU/Linux ld.so
configure:15133: checking how to hardcode library paths into programs
configure:15158: result: immediate
configure:21410: checking size of void *
configure:21713: gcc -o conftest -g -O2   conftest.c  >&5
configure:21717: $? = 0
configure:21723: ./conftest
configure:21727: $? = 0
configure:21751: result: 8
configure:21785: checking for pkg-config
configure:21803: found /usr/bin/pkg-config
configure:21816: result: /usr/bin/pkg-config
configure:21944: checking pkg-config is at least version 0.9.0
configure:21947: result: yes
configure:21958: checking for MONO_DEPENDENCY
configure:21965: $PKG_CONFIG --exists --print-errors "mono >= $MONO_REQUIRED_VERSION"
configure:21968: $? = 0
configure:21981: $PKG_CONFIG --exists --print-errors "mono >= $MONO_REQUIRED_VERSION"
configure:21984: $? = 0
configure:22019: result: yes
configure:22026: checking for gacutil
configure:22044: found /usr/local/bin/gacutil
configure:22057: result: /usr/local/bin/gacutil
configure:22073: checking for al
configure:22091: found /usr/local/bin/al
configure:22104: result: /usr/local/bin/al
configure:22123: checking for mono
configure:22141: found /usr/local/bin/mono
configure:22154: result: /usr/local/bin/mono
configure:22170: checking for mcs
configure:22188: found /usr/local/bin/mcs
configure:22201: result: /usr/local/bin/mcs
configure:22290: checking for MONO_CAIRO
configure:22297: $PKG_CONFIG --exists --print-errors "mono-cairo >= $MONO_REQUIRED_VERSION"
configure:22300: $? = 0
configure:22313: $PKG_CONFIG --exists --print-errors "mono-cairo >= $MONO_REQUIRED_VERSION"
configure:22316: $? = 0
configure:22351: result: yes
configure:22368: checking for GTKSHARP
configure:22375: $PKG_CONFIG --exists --print-errors "gtk-sharp-2.0 >= $GTK_SHARP_REQUIRED_VERSION"
configure:22378: $? = 0
configure:22391: $PKG_CONFIG --exists --print-errors "gtk-sharp-2.0 >= $GTK_SHARP_REQUIRED_VERSION"
configure:22394: $? = 0
configure:22469: result: yes
configure:22478: checking for GLADESHARP
configure:22485: $PKG_CONFIG --exists --print-errors "glade-sharp-2.0 >= $GTK_SHARP_REQUIRED_VERSION"
configure:22488: $? = 0
configure:22501: $PKG_CONFIG --exists --print-errors "glade-sharp-2.0 >= $GTK_SHARP_REQUIRED_VERSION"
configure:22504: $? = 0
configure:22579: result: yes
configure:22588: checking for GAPI
configure:22595: $PKG_CONFIG --exists --print-errors "gapi-2.0 >= $GTK_SHARP_REQUIRED_VERSION"
configure:22598: $? = 0
configure:22611: $PKG_CONFIG --exists --print-errors "gapi-2.0 >= $GTK_SHARP_REQUIRED_VERSION"
configure:22614: $? = 0
configure:22689: result: yes
configure:22695: checking for gapi2-parser
configure:22713: found /usr/local/bin/gapi2-parser
configure:22726: result: /usr/local/bin/gapi2-parser
configure:22737: checking for gapi2-codegen
configure:22755: found /usr/local/bin/gapi2-codegen
configure:22768: result: /usr/local/bin/gapi2-codegen
configure:22779: checking for gapi2-fixup
configure:22797: found /usr/local/bin/gapi2-fixup
configure:22810: result: /usr/local/bin/gapi2-fixup
configure:22827: checking for LIBART
configure:22834: $PKG_CONFIG --exists --print-errors "libart-2.0 >= $ART_REQUIRED_VERSION"
configure:22837: $? = 0
configure:22850: $PKG_CONFIG --exists --print-errors "libart-2.0 >= $ART_REQUIRED_VERSION"
configure:22853: $? = 0
configure:22888: result: yes
configure:22897: checking for GNOMEVFS
configure:22904: $PKG_CONFIG --exists --print-errors "gnome-vfs-2.0 >= $GNOMEVFS_REQUIRED_VERSION"
configure:22907: $? = 0
configure:22920: $PKG_CONFIG --exists --print-errors "gnome-vfs-2.0 >= $GNOMEVFS_REQUIRED_VERSION"
configure:22923: $? = 0
configure:22958: result: yes
configure:22969: checking for GNOME
configure:22976: $PKG_CONFIG --exists --print-errors "libgnomecanvas-2.0 >= $GNOMECANVAS_REQUIRED_VERSION libgnomeui-2.0 >= $GNOME_REQUIRED_VERSION gtk+-2.0 >= $GTK_REQUIRED_VERSION gmodule-2.0 >= $GTK_REQUIRED_VERSION"
configure:22979: $? = 0
configure:22992: $PKG_CONFIG --exists --print-errors "libgnomecanvas-2.0 >= $GNOMECANVAS_REQUIRED_VERSION libgnomeui-2.0 >= $GNOME_REQUIRED_VERSION gtk+-2.0 >= $GTK_REQUIRED_VERSION gmodule-2.0 >= $GTK_REQUIRED_VERSION"
configure:22995: $? = 0
configure:23030: result: yes
configure:23246: creating ./config.status

## ---------------------- ##
## Running config.status. ##
## ---------------------- ##

This file was extended by config.status, which was
generated by GNU Autoconf 2.62.  Invocation command line was

  CONFIG_FILES    = 
  CONFIG_HEADERS  = 
  CONFIG_LINKS    = 
  CONFIG_COMMANDS = 
  $ ./config.status 

on localhost.localdomain

config.status:898: creating AssemblyInfo.cs
config.status:898: creating Makefile
config.status:898: creating policy.config
config.status:898: creating sources/Makefile
config.status:898: creating art/Makefile
config.status:898: creating art/art-sharp.dll.config
config.status:898: creating art/art-sharp-2.0.pc
config.status:898: creating gnome/Makefile
config.status:898: creating gnome/gnome-sharp.dll.config
config.status:898: creating gnome/gnome-sharp-2.0.pc
config.status:898: creating gnome/glue/Makefile
config.status:898: creating gnomevfs/Makefile
config.status:898: creating gnomevfs/gnome-vfs-sharp.dll.config
config.status:898: creating gnomevfs/gnome-vfs-sharp-2.0.pc
config.status:898: creating gconf/Makefile
config.status:898: creating gconf/doc/Makefile
config.status:898: creating gconf/GConf/Makefile
config.status:898: creating gconf/GConf/gconf-sharp.dll.config
config.status:898: creating gconf/GConf/gconf-sharp-2.0.pc
config.status:898: creating gconf/GConf.PropertyEditors/Makefile
config.status:898: creating gconf/GConf.PropertyEditors/gconf-sharp-peditors-2.0.pc
config.status:898: creating gconf/tools/Makefile
config.status:898: creating gconf/tools/gconfsharp2-schemagen
config.status:898: creating sample/Makefile
config.status:898: creating sample/gconf/Makefile
config.status:898: creating sample/gnomevfs/Makefile
config.status:898: creating config.h
config.status:1120: config.h is unchanged
config.status:1172: executing depfiles commands

## ---------------- ##
## Cache variables. ##
## ---------------- ##

ac_cv_build=x86_64-unknown-linux-gnu
ac_cv_c_compiler_gnu=yes
ac_cv_cxx_compiler_gnu=yes
ac_cv_env_CCC_set=
ac_cv_env_CCC_value=
ac_cv_env_CC_set=
ac_cv_env_CC_value=
ac_cv_env_CFLAGS_set=
ac_cv_env_CFLAGS_value=
ac_cv_env_CPPFLAGS_set=
ac_cv_env_CPPFLAGS_value=
ac_cv_env_CPP_set=
ac_cv_env_CPP_value=
ac_cv_env_CXXCPP_set=
ac_cv_env_CXXCPP_value=
ac_cv_env_CXXFLAGS_set=
ac_cv_env_CXXFLAGS_value=
ac_cv_env_CXX_set=
ac_cv_env_CXX_value=
ac_cv_env_F77_set=
ac_cv_env_F77_value=
ac_cv_env_FFLAGS_set=
ac_cv_env_FFLAGS_value=
ac_cv_env_GAPI_CFLAGS_set=
ac_cv_env_GAPI_CFLAGS_value=
ac_cv_env_GAPI_LIBS_set=
ac_cv_env_GAPI_LIBS_value=
ac_cv_env_GLADESHARP_CFLAGS_set=
ac_cv_env_GLADESHARP_CFLAGS_value=
ac_cv_env_GLADESHARP_LIBS_set=
ac_cv_env_GLADESHARP_LIBS_value=
ac_cv_env_GNOMEVFS_CFLAGS_set=
ac_cv_env_GNOMEVFS_CFLAGS_value=
ac_cv_env_GNOMEVFS_LIBS_set=
ac_cv_env_GNOMEVFS_LIBS_value=
ac_cv_env_GNOME_CFLAGS_set=
ac_cv_env_GNOME_CFLAGS_value=
ac_cv_env_GNOME_LIBS_set=
ac_cv_env_GNOME_LIBS_value=
ac_cv_env_GTKSHARP_CFLAGS_set=
ac_cv_env_GTKSHARP_CFLAGS_value=
ac_cv_env_GTKSHARP_LIBS_set=
ac_cv_env_GTKSHARP_LIBS_value=
ac_cv_env_LDFLAGS_set=
ac_cv_env_LDFLAGS_value=
ac_cv_env_LIBART_CFLAGS_set=
ac_cv_env_LIBART_CFLAGS_value=
ac_cv_env_LIBART_LIBS_set=
ac_cv_env_LIBART_LIBS_value=
ac_cv_env_LIBS_set=
ac_cv_env_LIBS_value=
ac_cv_env_MONO_CAIRO_CFLAGS_set=
ac_cv_env_MONO_CAIRO_CFLAGS_value=
ac_cv_env_MONO_CAIRO_LIBS_set=
ac_cv_env_MONO_CAIRO_LIBS_value=
ac_cv_env_MONO_DEPENDENCY_CFLAGS_set=
ac_cv_env_MONO_DEPENDENCY_CFLAGS_value=
ac_cv_env_MONO_DEPENDENCY_LIBS_set=
ac_cv_env_MONO_DEPENDENCY_LIBS_value=
ac_cv_env_PKG_CONFIG_set=
ac_cv_env_PKG_CONFIG_value=
ac_cv_env_build_alias_set=
ac_cv_env_build_alias_value=
ac_cv_env_host_alias_set=
ac_cv_env_host_alias_value=
ac_cv_env_target_alias_set=
ac_cv_env_target_alias_value=
ac_cv_f77_compiler_gnu=no
ac_cv_header_dlfcn_h=yes
ac_cv_header_inttypes_h=yes
ac_cv_header_memory_h=yes
ac_cv_header_stdc=yes
ac_cv_header_stdint_h=yes
ac_cv_header_stdlib_h=yes
ac_cv_header_string_h=yes
ac_cv_header_strings_h=yes
ac_cv_header_sys_stat_h=yes
ac_cv_header_sys_types_h=yes
ac_cv_header_unistd_h=yes
ac_cv_host=x86_64-unknown-linux-gnu
ac_cv_objext=o
ac_cv_path_AL=/usr/local/bin/al
ac_cv_path_CSC=/usr/local/bin/mcs
ac_cv_path_EGREP='/usr/bin/grep -E'
ac_cv_path_GACUTIL=/usr/local/bin/gacutil
ac_cv_path_GAPI_CODEGEN=/usr/local/bin/gapi2-codegen
ac_cv_path_GAPI_FIXUP=/usr/local/bin/gapi2-fixup
ac_cv_path_GAPI_PARSER=/usr/local/bin/gapi2-parser
ac_cv_path_GREP=/usr/bin/grep
ac_cv_path_PKG_CONFIG=/usr/bin/pkg-config
ac_cv_path_RUNTIME=/usr/local/bin/mono
ac_cv_path_install='/usr/bin/install -c'
ac_cv_path_mkdir=/usr/bin/mkdir
ac_cv_prog_AWK=gawk
ac_cv_prog_CPP='gcc -E'
ac_cv_prog_CXXCPP='g++ -E'
ac_cv_prog_ac_ct_AR=ar
ac_cv_prog_ac_ct_CC=gcc
ac_cv_prog_ac_ct_CXX=g++
ac_cv_prog_ac_ct_RANLIB=ranlib
ac_cv_prog_ac_ct_STRIP=strip
ac_cv_prog_cc_c89=
ac_cv_prog_cc_g=yes
ac_cv_prog_cxx_g=yes
ac_cv_prog_f77_g=no
ac_cv_prog_make_make_set=yes
ac_cv_sizeof_void_p=8
ac_cv_target=x86_64-unknown-linux-gnu
am_cv_CC_dependencies_compiler_type=gcc3
am_cv_CXX_dependencies_compiler_type=gcc3
am_cv_prog_cc_stdc=
lt_cv_deplibs_check_method=pass_all
lt_cv_file_magic_cmd='$MAGIC_CMD'
lt_cv_file_magic_test_file=
lt_cv_ld_reload_flag=-r
lt_cv_objdir=.libs
lt_cv_path_LD=/usr/bin/ld
lt_cv_path_LDCXX='/usr/bin/ld -m elf_x86_64'
lt_cv_path_NM='/usr/bin/nm -B'
lt_cv_path_SED=/usr/bin/sed
lt_cv_prog_compiler_c_o=yes
lt_cv_prog_compiler_c_o_CXX=yes
lt_cv_prog_compiler_pic_works=yes
lt_cv_prog_compiler_pic_works_CXX=yes
lt_cv_prog_compiler_rtti_exceptions=no
lt_cv_prog_compiler_static_works=no
lt_cv_prog_compiler_static_works_CXX=no
lt_cv_prog_gnu_ld=yes
lt_cv_prog_gnu_ldcxx=yes
lt_cv_sys_global_symbol_pipe='sed -n -e '\''s/^.*[ 	]\([ABCDGIRSTW][ABCDGIRSTW]*\)[ 	][ 	]*\([_A-Za-z][_A-Za-z0-9]*\)$/\1 \2 \2/p'\'''
lt_cv_sys_global_symbol_to_c_name_address='sed -n -e '\''s/^: \([^ ]*\) $/  {\"\1\", (lt_ptr) 0},/p'\'' -e '\''s/^[BCDEGRST] \([^ ]*\) \([^ ]*\)$/  {"\2", (lt_ptr) \&\2},/p'\'''
lt_cv_sys_global_symbol_to_cdecl='sed -n -e '\''s/^. .* \(.*\)$/extern int \1;/p'\'''
lt_cv_sys_lib_dlsearch_path_spec='/usr/lib64 /lib64 /usr/lib64/atlas /usr/lib64/dyninst /usr/lib64/iscsi /usr/lib64/mysql /usr/lib64/qt-3.3/lib /usr/lib64/tracker-0.16 '
lt_cv_sys_lib_search_path_spec='/usr/lib64 /lib64 /usr/local/lib64'
lt_cv_sys_max_cmd_len=1572864
lt_lt_cv_prog_compiler_c_o='"yes"'
lt_lt_cv_prog_compiler_c_o_CXX='"yes"'
lt_lt_cv_sys_global_symbol_pipe='"sed -n -e '\''s/^.*[ 	]\\([ABCDGIRSTW][ABCDGIRSTW]*\\)[ 	][ 	]*\\([_A-Za-z][_A-Za-z0-9]*\\)\$/\\1 \\2 \\2/p'\''"'
lt_lt_cv_sys_global_symbol_to_c_name_address='"sed -n -e '\''s/^: \\([^ ]*\\) \$/  {\\\"\\1\\\", (lt_ptr) 0},/p'\'' -e '\''s/^[BCDEGRST] \\([^ ]*\\) \\([^ ]*\\)\$/  {\"\\2\", (lt_ptr) \\&\\2},/p'\''"'
lt_lt_cv_sys_global_symbol_to_cdecl='"sed -n -e '\''s/^. .* \\(.*\\)\$/extern int \\1;/p'\''"'
pkg_cv_GAPI_CFLAGS=' '
pkg_cv_GAPI_LIBS=' '
pkg_cv_GLADESHARP_CFLAGS='-I:/usr/local/lib/pkgconfig/../../share/gapi-2.0/glade-api.xml -I:/usr/local/lib/pkgconfig/../../share/gapi-2.0/pango-api.xml -I:/usr/local/lib/pkgconfig/../../share/gapi-2.0/atk-api.xml -I:/usr/local/lib/pkgconfig/../../share/gapi-2.0/gdk-api.xml -I:/usr/local/lib/pkgconfig/../../share/gapi-2.0/gtk-api.xml -I:/usr/local/lib/pkgconfig/../../share/gapi-2.0/glib-api.xml  '
pkg_cv_GLADESHARP_LIBS='-r:/usr/local/lib/pkgconfig/../../lib/mono/gtk-sharp-2.0/glade-sharp.dll -r:/usr/local/lib/pkgconfig/../../lib/mono/gtk-sharp-2.0/pango-sharp.dll -r:/usr/local/lib/pkgconfig/../../lib/mono/gtk-sharp-2.0/atk-sharp.dll -r:/usr/local/lib/pkgconfig/../../lib/mono/gtk-sharp-2.0/gdk-sharp.dll -r:/usr/local/lib/pkgconfig/../../lib/mono/gtk-sharp-2.0/gtk-sharp.dll -r:/usr/local/lib/pkgconfig/../../lib/mono/gtk-sharp-2.0/glib-sharp.dll  '
pkg_cv_GNOMEVFS_CFLAGS='-pthread -I/usr/include/gnome-vfs-2.0 -I/usr/lib64/gnome-vfs-2.0/include -I/usr/include/gconf/2 -I/usr/include/dbus-1.0 -I/usr/lib64/dbus-1.0/include -I/usr/include/glib-2.0 -I/usr/lib64/glib-2.0/include  '
pkg_cv_GNOMEVFS_LIBS='-pthread -lgnomevfs-2 -lgconf-2 -lgthread-2.0 -lgmodule-2.0 -lgobject-2.0 -lglib-2.0  '
pkg_cv_GNOME_CFLAGS='-pthread -DORBIT2=1 -D_REENTRANT -I/usr/include/libgnomecanvas-2.0 -I/usr/include/pango-1.0 -I/usr/include/gail-1.0 -I/usr/include/libart-2.0 -I/usr/include/gtk-2.0 -I/usr/include/glib-2.0 -I/usr/lib64/glib-2.0/include -I/usr/include/harfbuzz -I/usr/include/freetype2 -I/usr/include/atk-1.0 -I/usr/lib64/gtk-2.0/include -I/usr/include/cairo -I/usr/include/gdk-pixbuf-2.0 -I/usr/include/pixman-1 -I/usr/include/libpng15 -I/usr/include/libdrm -I/usr/include/libgnomeui-2.0 -I/usr/include/gconf/2 -I/usr/include/gnome-keyring-1 -I/usr/include/libgnome-2.0 -I/usr/include/libbonoboui-2.0 -I/usr/include/gnome-vfs-2.0 -I/usr/lib64/gnome-vfs-2.0/include -I/usr/include/dbus-1.0 -I/usr/lib64/dbus-1.0/include -I/usr/include/orbit-2.0 -I/usr/include/libbonobo-2.0 -I/usr/include/bonobo-activation-2.0 -I/usr/include/libxml2  '
pkg_cv_GNOME_LIBS='-pthread -Wl,--export-dynamic -lgnomeui-2 -lSM -lICE -lbonoboui-2 -lgnomevfs-2 -lgnomecanvas-2 -lgnome-2 -lpopt -lbonobo-2 -lbonobo-activation -lORBit-2 -lart_lgpl_2 -lgconf-2 -lgthread-2.0 -lgtk-x11-2.0 -lgdk-x11-2.0 -latk-1.0 -lgio-2.0 -lpangoft2-1.0 -lpangocairo-1.0 -lgdk_pixbuf-2.0 -lcairo -lpango-1.0 -lfontconfig -lgobject-2.0 -lfreetype -lgmodule-2.0 -lglib-2.0  '
pkg_cv_GTKSHARP_CFLAGS='-I:/usr/local/lib/pkgconfig/../../share/gapi-2.0/pango-api.xml -I:/usr/local/lib/pkgconfig/../../share/gapi-2.0/atk-api.xml -I:/usr/local/lib/pkgconfig/../../share/gapi-2.0/gdk-api.xml -I:/usr/local/lib/pkgconfig/../../share/gapi-2.0/gtk-api.xml -I:/usr/local/lib/pkgconfig/../../share/gapi-2.0/glib-api.xml  '
pkg_cv_GTKSHARP_LIBS='-r:/usr/local/lib/pkgconfig/../../lib/mono/gtk-sharp-2.0/pango-sharp.dll -r:/usr/local/lib/pkgconfig/../../lib/mono/gtk-sharp-2.0/atk-sharp.dll -r:/usr/local/lib/pkgconfig/../../lib/mono/gtk-sharp-2.0/gdk-sharp.dll -r:/usr/local/lib/pkgconfig/../../lib/mono/gtk-sharp-2.0/gtk-sharp.dll -r:/usr/local/lib/pkgconfig/../../lib/mono/gtk-sharp-2.0/glib-sharp.dll  '
pkg_cv_LIBART_CFLAGS='-I/usr/include/libart-2.0  '
pkg_cv_LIBART_LIBS='-lart_lgpl_2  '
pkg_cv_MONO_CAIRO_CFLAGS=' '
pkg_cv_MONO_CAIRO_LIBS='-r:Mono.Cairo  '
pkg_cv_MONO_DEPENDENCY_CFLAGS=' '
pkg_cv_MONO_DEPENDENCY_LIBS=' '

## ----------------- ##
## Output variables. ##
## ----------------- ##

ACLOCAL='${SHELL} /usr/local/src/gnome-sharp-2.24.1/missing --run aclocal-1.10'
AL='/usr/local/bin/al'
AMDEPBACKSLASH='\'
AMDEP_FALSE='#'
AMDEP_TRUE=''
AMTAR='${SHELL} /usr/local/src/gnome-sharp-2.24.1/missing --run tar'
API_VERSION='2.24.0.0'
AR='ar'
AS='as'
AUTOCONF='${SHELL} /usr/local/src/gnome-sharp-2.24.1/missing --run autoconf'
AUTOHEADER='${SHELL} /usr/local/src/gnome-sharp-2.24.1/missing --run autoheader'
AUTOMAKE='${SHELL} /usr/local/src/gnome-sharp-2.24.1/missing --run automake-1.10'
AWK='gawk'
BUILD_EXEEXT=''
BUILD_GTK_CFLAGS='-pthread -I/usr/include/gtk-2.0 -I/usr/lib64/gtk-2.0/include -I/usr/include/atk-1.0 -I/usr/include/cairo -I/usr/include/gdk-pixbuf-2.0 -I/usr/include/pango-1.0 -I/usr/include/glib-2.0 -I/usr/lib64/glib-2.0/include -I/usr/include/pixman-1 -I/usr/include/freetype2 -I/usr/include/libpng15 -I/usr/include/libdrm -I/usr/include/harfbuzz  '
BUILD_GTK_LIBS='-lgtk-x11-2.0 -lgdk-x11-2.0 -latk-1.0 -lgio-2.0 -lpangoft2-1.0 -lpangocairo-1.0 -lgdk_pixbuf-2.0 -lcairo -lpango-1.0 -lfontconfig -lgobject-2.0 -lglib-2.0 -lfreetype  '
CC='gcc'
CCDEPMODE='depmode=gcc3'
CC_FOR_BUILD='gcc'
CFLAGS='-g -Wall -Wunused -Wmissing-prototypes -Wmissing-declarations -Wstrict-prototypes  -Wmissing-prototypes -Wnested-externs  -Wshadow -Wpointer-arith -Wno-cast-qual -Wcast-align -Wwrite-strings'
CPP='gcc -E'
CPPFLAGS=''
CSC='/usr/local/bin/mcs'
CSFLAGS=' -define:GTK_SHARP_2_6 -define:GTK_SHARP_2_8 -define:GNOME_SHARP_2_16 -define:GNOME_SHARP_2_20 -define:GNOME_SHARP_2_24'
CXX='g++'
CXXCPP='g++ -E'
CXXDEPMODE='depmode=gcc3'
CXXFLAGS='-g -O2'
CYGPATH_W='echo'
DEFS='-DHAVE_CONFIG_H'
DEPDIR='.deps'
DLLTOOL='dlltool'
DSYMUTIL=''
ECHO='echo'
ECHO_C=''
ECHO_N='-n'
ECHO_T=''
EGREP='/usr/bin/grep -E'
ENABLE_GNOMEVFS_FALSE='#'
ENABLE_GNOMEVFS_TRUE=''
ENABLE_GNOME_FALSE='#'
ENABLE_GNOME_TRUE=''
ENABLE_LIBART_FALSE='#'
ENABLE_LIBART_TRUE=''
ENABLE_MONOGETOPTIONS_FALSE='#'
ENABLE_MONOGETOPTIONS_TRUE=''
EXEEXT=''
F77=''
FFLAGS=''
GACUTIL='/usr/local/bin/gacutil'
GACUTIL_FLAGS='/package $(PACKAGE_VERSION) /gacdir $(DESTDIR)$(prefix)/lib'
GAPI_CFLAGS=' '
GAPI_CODEGEN='/usr/local/bin/gapi2-codegen'
GAPI_FIXUP='/usr/local/bin/gapi2-fixup'
GAPI_LIBS=' '
GAPI_PARSER='/usr/local/bin/gapi2-parser'
GENERATED_SOURCES='generated/*.cs'
GLADESHARP_CFLAGS='-I:/usr/local/lib/pkgconfig/../../share/gapi-2.0/glade-api.xml -I:/usr/local/lib/pkgconfig/../../share/gapi-2.0/pango-api.xml -I:/usr/local/lib/pkgconfig/../../share/gapi-2.0/atk-api.xml -I:/usr/local/lib/pkgconfig/../../share/gapi-2.0/gdk-api.xml -I:/usr/local/lib/pkgconfig/../../share/gapi-2.0/gtk-api.xml -I:/usr/local/lib/pkgconfig/../../share/gapi-2.0/glib-api.xml  '
GLADESHARP_LIBS='-r:/usr/local/lib/pkgconfig/../../lib/mono/gtk-sharp-2.0/glade-sharp.dll -r:/usr/local/lib/pkgconfig/../../lib/mono/gtk-sharp-2.0/pango-sharp.dll -r:/usr/local/lib/pkgconfig/../../lib/mono/gtk-sharp-2.0/atk-sharp.dll -r:/usr/local/lib/pkgconfig/../../lib/mono/gtk-sharp-2.0/gdk-sharp.dll -r:/usr/local/lib/pkgconfig/../../lib/mono/gtk-sharp-2.0/gtk-sharp.dll -r:/usr/local/lib/pkgconfig/../../lib/mono/gtk-sharp-2.0/glib-sharp.dll  '
GNOMEVFS_CFLAGS='-pthread -I/usr/include/gnome-vfs-2.0 -I/usr/lib64/gnome-vfs-2.0/include -I/usr/include/gconf/2 -I/usr/include/dbus-1.0 -I/usr/lib64/dbus-1.0/include -I/usr/include/glib-2.0 -I/usr/lib64/glib-2.0/include  '
GNOMEVFS_LIBS='-pthread -lgnomevfs-2 -lgconf-2 -lgthread-2.0 -lgmodule-2.0 -lgobject-2.0 -lglib-2.0  '
GNOME_CFLAGS='-pthread -DORBIT2=1 -D_REENTRANT -I/usr/include/libgnomecanvas-2.0 -I/usr/include/pango-1.0 -I/usr/include/gail-1.0 -I/usr/include/libart-2.0 -I/usr/include/gtk-2.0 -I/usr/include/glib-2.0 -I/usr/lib64/glib-2.0/include -I/usr/include/harfbuzz -I/usr/include/freetype2 -I/usr/include/atk-1.0 -I/usr/lib64/gtk-2.0/include -I/usr/include/cairo -I/usr/include/gdk-pixbuf-2.0 -I/usr/include/pixman-1 -I/usr/include/libpng15 -I/usr/include/libdrm -I/usr/include/libgnomeui-2.0 -I/usr/include/gconf/2 -I/usr/include/gnome-keyring-1 -I/usr/include/libgnome-2.0 -I/usr/include/libbonoboui-2.0 -I/usr/include/gnome-vfs-2.0 -I/usr/lib64/gnome-vfs-2.0/include -I/usr/include/dbus-1.0 -I/usr/lib64/dbus-1.0/include -I/usr/include/orbit-2.0 -I/usr/include/libbonobo-2.0 -I/usr/include/bonobo-activation-2.0 -I/usr/include/libxml2  '
GNOME_LIBS='-pthread -Wl,--export-dynamic -lgnomeui-2 -lSM -lICE -lbonoboui-2 -lgnomevfs-2 -lgnomecanvas-2 -lgnome-2 -lpopt -lbonobo-2 -lbonobo-activation -lORBit-2 -lart_lgpl_2 -lgconf-2 -lgthread-2.0 -lgtk-x11-2.0 -lgdk-x11-2.0 -latk-1.0 -lgio-2.0 -lpangoft2-1.0 -lpangocairo-1.0 -lgdk_pixbuf-2.0 -lcairo -lpango-1.0 -lfontconfig -lgobject-2.0 -lfreetype -lgmodule-2.0 -lglib-2.0  '
GREP='/usr/bin/grep'
GTKSHARP_CFLAGS='-I:/usr/local/lib/pkgconfig/../../share/gapi-2.0/pango-api.xml -I:/usr/local/lib/pkgconfig/../../share/gapi-2.0/atk-api.xml -I:/usr/local/lib/pkgconfig/../../share/gapi-2.0/gdk-api.xml -I:/usr/local/lib/pkgconfig/../../share/gapi-2.0/gtk-api.xml -I:/usr/local/lib/pkgconfig/../../share/gapi-2.0/glib-api.xml  '
GTKSHARP_LIBS='-r:/usr/local/lib/pkgconfig/../../lib/mono/gtk-sharp-2.0/pango-sharp.dll -r:/usr/local/lib/pkgconfig/../../lib/mono/gtk-sharp-2.0/atk-sharp.dll -r:/usr/local/lib/pkgconfig/../../lib/mono/gtk-sharp-2.0/gdk-sharp.dll -r:/usr/local/lib/pkgconfig/../../lib/mono/gtk-sharp-2.0/gtk-sharp.dll -r:/usr/local/lib/pkgconfig/../../lib/mono/gtk-sharp-2.0/glib-sharp.dll  '
GTK_SHARP_VERSION_CFLAGS='-DGTK_SHARP_2_6 -DGTK_SHARP_2_8 -DGNOME_SHARP_2_16 -DGNOME_SHARP_2_20 -DGNOME_SHARP_2_24'
HOST_CC=''
INSTALL_DATA='${INSTALL} -m 644'
INSTALL_PROGRAM='${INSTALL}'
INSTALL_SCRIPT='${INSTALL}'
INSTALL_STRIP_PROGRAM='$(install_sh) -c -s'
LDFLAGS=''
LIBART_CFLAGS='-I/usr/include/libart-2.0  '
LIBART_LIBS='-lart_lgpl_2  '
LIBOBJS=''
LIBS=''
LIBTOOL='$(SHELL) $(top_builddir)/libtool'
LIB_PREFIX='.so'
LIB_SUFFIX=''
LN_S='ln -s'
LTLIBOBJS=''
MAINT='#'
MAINTAINER_MODE_FALSE=''
MAINTAINER_MODE_TRUE='#'
MAKEINFO='${SHELL} /usr/local/src/gnome-sharp-2.24.1/missing --run makeinfo'
MKDIR_P='/usr/bin/mkdir -p'
MONO_CAIRO_CFLAGS=' '
MONO_CAIRO_LIBS='-r:Mono.Cairo  '
MONO_DEPENDENCY_CFLAGS=' '
MONO_DEPENDENCY_LIBS=' '
NMEDIT=''
OBJDUMP='objdump'
OBJEXT='o'
PACKAGE='gnome-sharp'
PACKAGE_BUGREPORT=''
PACKAGE_NAME=''
PACKAGE_STRING=''
PACKAGE_TARNAME=''
PACKAGE_VERSION='gtk-sharp-2.0'
PATH_SEPARATOR=':'
PKG_CONFIG='/usr/bin/pkg-config'
PLATFORM_WIN32_FALSE=''
PLATFORM_WIN32_TRUE='#'
POLICY_VERSIONS='2.4 2.6 2.8 2.16 2.20'
RANLIB='ranlib'
RUNTIME='mono'
SED='/usr/bin/sed'
SET_MAKE=''
SHELL='/bin/sh'
STRIP='strip'
VERSION='2.24.1'
ac_ct_CC='gcc'
ac_ct_CXX='g++'
ac_ct_F77=''
am__fastdepCC_FALSE='#'
am__fastdepCC_TRUE=''
am__fastdepCXX_FALSE='#'
am__fastdepCXX_TRUE=''
am__include='include'
am__isrc=''
am__leading_dot='.'
am__quote=''
am__tar='${AMTAR} chof - "$$tardir"'
am__untar='${AMTAR} xf -'
bindir='${exec_prefix}/bin'
build='x86_64-unknown-linux-gnu'
build_alias=''
build_cpu='x86_64'
build_os='linux-gnu'
build_vendor='unknown'
datadir='${datarootdir}'
datarootdir='${prefix}/share'
docdir='${datarootdir}/doc/${PACKAGE}'
dvidir='${docdir}'
exec_prefix='${prefix}'
host='x86_64-unknown-linux-gnu'
host_alias=''
host_cpu='x86_64'
host_os='linux-gnu'
host_vendor='unknown'
htmldir='${docdir}'
includedir='${prefix}/include'
infodir='${datarootdir}/info'
install_sh='$(SHELL) /usr/local/src/gnome-sharp-2.24.1/install-sh'
libdir='${exec_prefix}/lib'
libexecdir='${exec_prefix}/libexec'
localedir='${datarootdir}/locale'
localstatedir='${prefix}/var'
mandir='${datarootdir}/man'
mkdir_p='/usr/bin/mkdir -p'
oldincludedir='/usr/include'
pdfdir='${docdir}'
prefix='/usr/local'
program_transform_name='s,x,x,'
psdir='${docdir}'
sbindir='${exec_prefix}/sbin'
sharedstatedir='${prefix}/com'
sysconfdir='${prefix}/etc'
target='x86_64-unknown-linux-gnu'
target_alias=''
target_cpu='x86_64'
target_os='linux-gnu'
target_vendor='unknown'

## ----------- ##
## confdefs.h. ##
## ----------- ##

#define PACKAGE_NAME ""
#define PACKAGE_TARNAME ""
#define PACKAGE_VERSION ""
#define PACKAGE_STRING ""
#define PACKAGE_BUGREPORT ""
#define PACKAGE "gnome-sharp"
#define VERSION "2.24.1"
#define STDC_HEADERS 1
#define HAVE_SYS_TYPES_H 1
#define HAVE_SYS_STAT_H 1
#define HAVE_STDLIB_H 1
#define HAVE_STRING_H 1
#define HAVE_MEMORY_H 1
#define HAVE_STRINGS_H 1
#define HAVE_INTTYPES_H 1
#define HAVE_STDINT_H 1
#define HAVE_UNISTD_H 1
#define HAVE_DLFCN_H 1
#define SIZEOF_VOID_P 8

configure: exit 0
